Using pre-set license
Built from '2020.3/release' branch; Version is '2020.3.7f1 (dd97f2c94397) revision 14522354'; Using compiler version '192528614'; Build Type 'Release'
OS: 'Windows 10 Home; OS build 19041.928; Version 2004; 64bit' Language: 'pl' Physical Memory: 8138 MB
BatchMode: 1, IsHumanControllingUs: 0, StartBugReporterOnCrash: 0, Is64bit: 1, IsPro: 0

 COMMAND LINE ARGUMENTS:
C:\Program Files\Unity\Hub\Editor\2020.3.7f1\Editor\Unity.exe
-adb2
-batchMode
-noUpm
-name
AssetImportWorker0
-projectPath
E:/Unity Projekty/FlappyBirdProjekt
-logFile
Logs/AssetImportWorker0.log
-srvPort
56240
Successfully changed project path to: E:/Unity Projekty/FlappyBirdProjekt
E:/Unity Projekty/FlappyBirdProjekt
Using Asset Import Pipeline V2.
Refreshing native plugins compatible for Editor in 47.42 ms, found 1 plugins.
Preloading 0 native plugins for Editor in 0.00 ms.
Initialize engine version: 2020.3.7f1 (dd97f2c94397)
[Subsystems] Discovering subsystems at path C:/Program Files/Unity/Hub/Editor/2020.3.7f1/Editor/Data/Resources/UnitySubsystems
[Subsystems] Discovering subsystems at path E:/Unity Projekty/FlappyBirdProjekt/Assets
GfxDevice: creating device client; threaded=0
Direct3D:
    Version:  Direct3D 11.0 [level 11.1]
    Renderer: NVIDIA GeForce GTX 1060 6GB (ID=0x1c03)
    Vendor:   
    VRAM:     6052 MB
    Driver:   27.21.14.5730
Initialize mono
Mono path[0] = 'C:/Program Files/Unity/Hub/Editor/2020.3.7f1/Editor/Data/Managed'
Mono path[1] = 'C:/Program Files/Unity/Hub/Editor/2020.3.7f1/Editor/Data/MonoBleedingEdge/lib/mono/unityjit'
Mono config path = 'C:/Program Files/Unity/Hub/Editor/2020.3.7f1/Editor/Data/MonoBleedingEdge/etc'
Using monoOptions --debugger-agent=transport=dt_socket,embedding=1,server=y,suspend=n,address=127.0.0.1:56952
Begin MonoManager ReloadAssembly
Registering precompiled unity dll's ...
Register platform support module: C:/Program Files/Unity/Hub/Editor/2020.3.7f1/Editor/Data/PlaybackEngines/WebGLSupport/UnityEditor.WebGL.Extensions.dll
Register platform support module: C:/Program Files/Unity/Hub/Editor/2020.3.7f1/Editor/Data/PlaybackEngines/WindowsStandaloneSupport/UnityEditor.WindowsStandalone.Extensions.dll
Registered in 0.007636 seconds.
Native extension for WindowsStandalone target not found
Native extension for WebGL target not found
Refreshing native plugins compatible for Editor in 47.51 ms, found 1 plugins.
Preloading 0 native plugins for Editor in 0.00 ms.
Mono: successfully reloaded assembly
- Completed reload, in  2.423 seconds
Platform modules already initialized, skipping
Registering precompiled user dll's ...
Registered in 0.001261 seconds.
Begin MonoManager ReloadAssembly
Native extension for WindowsStandalone target not found
Native extension for WebGL target not found
Refreshing native plugins compatible for Editor in 46.93 ms, found 1 plugins.
Preloading 0 native plugins for Editor in 0.00 ms.
Mono: successfully reloaded assembly
- Completed reload, in  1.284 seconds
Platform modules already initialized, skipping
========================================================================
Worker process is ready to serve import requests
Launched and connected shader compiler UnityShaderCompiler.exe after 0.09 seconds
Refreshing native plugins compatible for Editor in 0.35 ms, found 1 plugins.
Preloading 0 native plugins for Editor in 0.00 ms.
Unloading 1828 Unused Serialized files (Serialized files now loaded: 0)
System memory in use before: 87.3 MB.
System memory in use after: 87.3 MB.

Unloading 24 unused Assets to reduce memory usage. Loaded Objects now: 2272.
Total: 3.201300 ms (FindLiveObjects: 0.297200 ms CreateObjectMapping: 0.283900 ms MarkObjects: 2.465200 ms  DeleteObjects: 0.153500 ms)

========================================================================
Received Import Request.
  path: Assets/Skrypty/Gracz.cs
  artifactKey: Guid(33b8907077e8f1043835d29b91ff0430) Importer(815301076,1909f56bfc062723c751e8b465ee728b)
Start importing Assets/Skrypty/Gracz.cs using Guid(33b8907077e8f1043835d29b91ff0430) Importer(815301076,1909f56bfc062723c751e8b465ee728b)  -> (artifact id: '3c0465b9904f7bb488dc8a2fbb1f55f8') in 0.050840 seconds
  Import took 0.082657 seconds .

========================================================================
Received Prepare
Registering precompiled user dll's ...
Registered in 0.002863 seconds.
Begin MonoManager ReloadAssembly
Native extension for WindowsStandalone target not found
Native extension for WebGL target not found
Refreshing native plugins compatible for Editor in 0.38 ms, found 1 plugins.
Preloading 0 native plugins for Editor in 0.00 ms.
Mono: successfully reloaded assembly
- Completed reload, in  1.283 seconds
Platform modules already initialized, skipping
Refreshing native plugins compatible for Editor in 0.36 ms, found 1 plugins.
Preloading 0 native plugins for Editor in 0.00 ms.
Unloading 1810 Unused Serialized files (Serialized files now loaded: 0)
System memory in use before: 86.0 MB.
System memory in use after: 86.0 MB.

Unloading 12 unused Assets to reduce memory usage. Loaded Objects now: 2276.
Total: 2.304100 ms (FindLiveObjects: 0.415300 ms CreateObjectMapping: 0.149000 ms MarkObjects: 1.622100 ms  DeleteObjects: 0.115600 ms)

========================================================================
Received Import Request.
  Time since last request: 137.200505 seconds.
  path: Assets/Skrypty/GeneratorRur.cs
  artifactKey: Guid(34fc153564c04d94aa47548ab3e89938) Importer(815301076,1909f56bfc062723c751e8b465ee728b)
Start importing Assets/Skrypty/GeneratorRur.cs using Guid(34fc153564c04d94aa47548ab3e89938) Importer(815301076,1909f56bfc062723c751e8b465ee728b)  -> (artifact id: 'c2b89acdbd62cc706793d365b0d08fbb') in 0.007805 seconds
  Import took 0.060458 seconds .

========================================================================
Received Import Request.
  Time since last request: 1.664318 seconds.
  path: Assets/Skrypty/ColliderRury.cs
  artifactKey: Guid(069b3d3c562b7b94e99fe97d6a58a8a1) Importer(815301076,1909f56bfc062723c751e8b465ee728b)
Start importing Assets/Skrypty/ColliderRury.cs using Guid(069b3d3c562b7b94e99fe97d6a58a8a1) Importer(815301076,1909f56bfc062723c751e8b465ee728b)  -> (artifact id: '9f284e2d11744279e3ffba331d35dc69') in 0.002851 seconds
  Import took 0.023062 seconds .

========================================================================
Received Import Request.
  Time since last request: 54.409810 seconds.
  path: Assets/Skrypty/Interfejs.cs
  artifactKey: Guid(ec825c53db913a8469bc6f010c694b15) Importer(815301076,1909f56bfc062723c751e8b465ee728b)
Start importing Assets/Skrypty/Interfejs.cs using Guid(ec825c53db913a8469bc6f010c694b15) Importer(815301076,1909f56bfc062723c751e8b465ee728b)  -> (artifact id: '226d184f21c154b3c6f993ac492d7584') in 0.004648 seconds
  Import took 0.025986 seconds .

========================================================================
Received Prepare
Registering precompiled user dll's ...
Registered in 0.019788 seconds.
Begin MonoManager ReloadAssembly
Native extension for WindowsStandalone target not found
Native extension for WebGL target not found
Refreshing native plugins compatible for Editor in 0.43 ms, found 1 plugins.
Preloading 0 native plugins for Editor in 0.00 ms.
Mono: successfully reloaded assembly
- Completed reload, in  1.561 seconds
Platform modules already initialized, skipping
Refreshing native plugins compatible for Editor in 0.36 ms, found 1 plugins.
Preloading 0 native plugins for Editor in 0.00 ms.
Unloading 1810 Unused Serialized files (Serialized files now loaded: 0)
System memory in use before: 86.0 MB.
System memory in use after: 86.0 MB.

Unloading 12 unused Assets to reduce memory usage. Loaded Objects now: 2280.
Total: 2.491500 ms (FindLiveObjects: 0.204500 ms CreateObjectMapping: 0.069600 ms MarkObjects: 2.064200 ms  DeleteObjects: 0.151800 ms)

========================================================================
Received Prepare
Registering precompiled user dll's ...
Registered in 0.001992 seconds.
Begin MonoManager ReloadAssembly
Native extension for WindowsStandalone target not found
Native extension for WebGL target not found
Refreshing native plugins compatible for Editor in 0.65 ms, found 1 plugins.
Preloading 0 native plugins for Editor in 0.00 ms.
Mono: successfully reloaded assembly
- Completed reload, in  1.216 seconds
Platform modules already initialized, skipping
Refreshing native plugins compatible for Editor in 0.45 ms, found 1 plugins.
Preloading 0 native plugins for Editor in 0.00 ms.
Unloading 1810 Unused Serialized files (Serialized files now loaded: 0)
System memory in use before: 86.1 MB.
System memory in use after: 86.0 MB.

Unloading 12 unused Assets to reduce memory usage. Loaded Objects now: 2284.
Total: 2.356900 ms (FindLiveObjects: 0.200400 ms CreateObjectMapping: 0.114300 ms MarkObjects: 1.922000 ms  DeleteObjects: 0.118700 ms)

AssetImportWorkerClient::OnTransportError - code=2 error=End of file
